#
# A fatal error has been detected by the Java Runtime Environment:
#
#  SIGSEGV (0xb) at pc=0x00007f72dc0402e8, pid=19602, tid=19622
#
# JRE version: OpenJDK Runtime Environment Temurin-17.0.1+12 (17.0.1+12) (build 17.0.1+12)
# Java VM: OpenJDK 64-Bit Server VM Temurin-17.0.1+12 (17.0.1+12, mixed mode, tiered, compressed oops, compressed class ptrs, g1 gc, linux-amd64)
# Problematic frame:
# V  [libjvm.so+0x4402e8]  Block::has_uncommon_code() const+0x28
#
# Core dump will be written. Default location: Core dumps may be processed with "/usr/lib/systemd/systemd-coredump %P %u %g %s %t %c %h" (or dumping to /home/agentsmith/project/MedicareBackend/core.19602)
#
# If you would like to submit a bug report, please visit:
#   https://github.com/adoptium/adoptium-support/issues
#

---------------  S U M M A R Y ------------

Command Line: -ea -Dfile.encoding=UTF-8 -XX:+ShowCodeDetailsInExceptionMessages org.eclipse.jdt.internal.junit.runner.RemoteTestRunner -version 3 -port 41703 -testLoaderClass org.eclipse.jdt.internal.junit5.runner.JUnit5TestLoader -loaderpluginname org.eclipse.jdt.junit5.runtime -classNames com.medicare.backend.resource.MedicareBackend.ProductResourceTest

Host: AMD FX(tm)-8350 Eight-Core Processor, 8 cores, 15G, Fedora release 36 (Thirty Six)
Time: Thu Aug  4 14:57:57 2022 EDT elapsed time: 3.338059 seconds (0d 0h 0m 3s)

---------------  T H R E A D  ---------------

Current thread (0x00007f72d41fd550):  JavaThread "C2 CompilerThread0" daemon [_thread_in_native, id=19622, stack(0x00007f72a3400000,0x00007f72a3500000)]


Current CompileTask:
C2:   3338 3793       4       org.springframework.boot.context.properties.source.ConfigurationPropertyName$ElementsParser::parse (234 bytes)

Stack: [0x00007f72a3400000,0x00007f72a3500000],  sp=0x00007f72a34fb410,  free space=1005k
Native frames: (J=compiled Java code, j=interpreted, Vv=VM code, C=native code)
V  [libjvm.so+0x4402e8]  Block::has_uncommon_code() const+0x28
V  [libjvm.so+0x440426]  PhaseCFG::is_uncommon(Block const*)+0x66
V  [libjvm.so+0x5a4007]  PhaseConservativeCoalesce::coalesce(Block*)+0x27
V  [libjvm.so+0x5a2e12]  PhaseCoalesce::coalesce_driver()+0x42
V  [libjvm.so+0x53e6ea]  PhaseChaitin::Register_Allocate()+0x78a
V  [libjvm.so+0x5d8c2f]  Compile::Code_Gen()+0x28f
V  [libjvm.so+0x5dff92]  Compile::Compile(ciEnv*, ciMethod*, int, bool, bool, bool, bool, bool, DirectiveSet*)+0xe72
V  [libjvm.so+0x51162a]  C2Compiler::compile_method(ciEnv*, ciMethod*, int, bool, DirectiveSet*)+0xba
V  [libjvm.so+0x5e9f4c]  CompileBroker::invoke_compiler_on_method(CompileTask*)+0xedc
V  [libjvm.so+0x5eac68]  CompileBroker::compiler_thread_loop()+0x4c8
V  [libjvm.so+0xefe6f0]  JavaThread::thread_main_inner()+0x180
V  [libjvm.so+0xf01b62]  Thread::call_run()+0xe2
V  [libjvm.so+0xc3ccd1]  thread_native_entry(Thread*)+0xe1


siginfo: si_signo: 11 (SIGSEGV), si_code: 128 (SI_KERNEL), si_addr: 0x0000000000000000

Register to memory mapping:

RAX=0x0000000000000001 is an unknown value
RBX=0x0000000000000001 is an unknown value
RCX=0x0000000000000002 is an unknown value
RDX=0x00007f7274850e58 points into unknown readable memory: 0x00007f7274850d60 | 60 0d 85 74 72 7f 00 00
RSP=0x00007f72a34fb410 is pointing into the stack for thread: 0x00007f72d41fd550
RBP=0x00007f72a34fb430 is pointing into the stack for thread: 0x00007f72d41fd550
RSI=0x00007f7274850dc8 points into unknown readable memory: 0x00007f72dd0e0fe8 | e8 0f 0e dd 72 7f 00 00
RDI=0x00007f7274850dc8 points into unknown readable memory: 0x00007f72dd0e0fe8 | e8 0f 0e dd 72 7f 00 00
R8 =0x0000000000000002 is an unknown value
R9 =0x0000000000003189 is an unknown value
R10=0x00007f7270c45ed0 points into unknown readable memory: 0x00007f72dd17ec60 | 60 ec 17 dd 72 7f 00 00
R11=0x0000000000001cc7 is an unknown value
R12=0x00007f7274850dc8 points into unknown readable memory: 0x00007f72dd0e0fe8 | e8 0f 0e dd 72 7f 00 00
R13=0xe1007f7274929860 is an unknown value
R14=0x00007f72a34fb760 is pointing into the stack for thread: 0x00007f72d41fd550
R15=0x00007f7274850dc8 points into unknown readable memory: 0x00007f72dd0e0fe8 | e8 0f 0e dd 72 7f 00 00


Registers:
RAX=0x0000000000000001, RBX=0x0000000000000001, RCX=0x0000000000000002, RDX=0x00007f7274850e58
RSP=0x00007f72a34fb410, RBP=0x00007f72a34fb430, RSI=0x00007f7274850dc8, RDI=0x00007f7274850dc8
R8 =0x0000000000000002, R9 =0x0000000000003189, R10=0x00007f7270c45ed0, R11=0x0000000000001cc7
R12=0x00007f7274850dc8, R13=0xe1007f7274929860, R14=0x00007f72a34fb760, R15=0x00007f7274850dc8
RIP=0x00007f72dc0402e8, EFLAGS=0x0000000000010293, CSGSFS=0x002b000000000033, ERR=0x0000000000000000
  TRAPNO=0x000000000000000d

Top of Stack: (sp=0x00007f72a34fb410)
0x00007f72a34fb410:   0000001f0000001d 00007f7274850dc8
0x00007f72a34fb420:   00007f72a34fb8d0 00007f72a34fb760
0x00007f72a34fb430:   00007f72a34fb460 00007f72dc040426
0x00007f72a34fb440:   0000000000001cc7 3f8eb851de800000 

Instructions: (pc=0x00007f72dc0402e8)
0x00007f72dc0401e8:   89 e5 45 85 c0 74 07 48 8b 47 20 48 8b 30 8b 56
0x00007f72dc0401f8:   2c 31 c0 80 fa e0 74 65 83 e2 0f 83 fa 09 74 5d
0x00007f72dc040208:   8b 47 28 8b 76 18 8d 48 ff 85 c9 89 ca 0f 8e 85
0x00007f72dc040218:   00 00 00 31 c0 44 39 c1 72 4e 8b 40 2c 83 e0 3f
0x00007f72dc040228:   83 f8 2a 74 58 83 fe 01 b8 02 00 00 00 76 2e 48
0x00007f72dc040238:   63 f2 48 c1 e6 03 eb 09 48 83 ee 08 83 ea 01 74
0x00007f72dc040248:   1c 31 c9 44 39 c2 73 08 48 8b 4f 20 48 8b 0c 31
0x00007f72dc040258:   8b 49 2c 83 e1 03 83 f9 02 75 dd 31 c0 5d c3 66
0x00007f72dc040268:   0f 1f 84 00 00 00 00 00 4c 8b 4f 20 89 c8 49 8b
0x00007f72dc040278:   04 c1 8b 40 2c 83 e0 3f 83 f8 2a 75 a8 83 fe 01
0x00007f72dc040288:   b8 01 00 00 00 76 d6 89 ca 83 ea 01 75 a1 5d c3
0x00007f72dc040298:   0f 1f 84 00 00 00 00 00 83 fe 01 b8 02 00 00 00
0x00007f72dc0402a8:   76 bb 83 f9 01 19 c0 83 e0 02 5d c3 66 90 66 2e
0x00007f72dc0402b8:   0f 1f 84 00 00 00 00 00 55 48 89 e5 41 55 41 54
0x00007f72dc0402c8:   53 45 31 ed 49 89 fc 48 83 ec 08 8b 47 28 8d 58
0x00007f72dc0402d8:   ff 3b 5f 18 73 0a 48 8b 57 20 89 d8 4c 8b 2c c2
0x00007f72dc0402e8:   49 8b 45 00 4c 89 ef ff 50 20 49 39 c5 74 05 41
0x00007f72dc0402f8:   2b 5c 24 48 31 ff 41 39 5c 24 18 76 09 49 8b 44
0x00007f72dc040308:   24 20 48 8b 3c d8 8b 57 2c 89 d0 83 e0 3f 83 f8
0x00007f72dc040318:   2a 75 0a 48 8b 47 08 48 8b 38 8b 57 2c 89 d0 83
0x00007f72dc040328:   e0 1f 83 f8 1d 75 0a 48 8b 47 08 48 8b 38 8b 57
0x00007f72dc040338:   2c 89 d0 25 ff 03 00 00 3d 08 02 00 00 74 29 83
0x00007f72dc040348:   e2 03 48 8b 07 83 fa 02 74 5e ff 10 3d a3 00 00
0x00007f72dc040358:   00 0f 94 c0 48 83 c4 08 5b 41 5c 41 5d 5d c3 66
0x00007f72dc040368:   0f 1f 84 00 00 00 00 00 48 8b 47 08 48 8b 08 8b
0x00007f72dc040378:   41 2c 83 e0 1f 83 f8 1e 75 c5 f3 0f 10 81 88 00
0x00007f72dc040388:   00 00 0f 2e 05 af 9d be 00 7a 02 74 b2 f3 0f 10
0x00007f72dc040398:   0d a7 9d be 00 b8 01 00 00 00 0f 2e c8 72 a0 eb
0x00007f72dc0403a8:   b3 0f 1f 80 00 00 00 00 ff 90 48 01 00 00 eb 9c
0x00007f72dc0403b8:   0f 1f 84 00 00 00 00 00 8b 46 18 85 c0 74 31 48
0x00007f72dc0403c8:   8b 46 20 48 8b 00 8b 40 2c 3c e0 74 2c 83 e0 0f
0x00007f72dc0403d8:   83 f8 09 74 24 f2 0f 10 05 43 9d be 00 66 0f 2e 


Stack slot to memory mapping:
stack at sp + 0 slots: 0x0000001f0000001d is an unknown value
stack at sp + 1 slots: 0x00007f7274850dc8 points into unknown readable memory: 0x00007f72dd0e0fe8 | e8 0f 0e dd 72 7f 00 00
stack at sp + 2 slots: 0x00007f72a34fb8d0 is pointing into the stack for thread: 0x00007f72d41fd550
stack at sp + 3 slots: 0x00007f72a34fb760 is pointing into the stack for thread: 0x00007f72d41fd550
stack at sp + 4 slots: 0x00007f72a34fb460 is pointing into the stack for thread: 0x00007f72d41fd550
stack at sp + 5 slots: 0x00007f72dc040426: <offset 0x0000000000440426> in /usr/lib64/eclipse/plugins/org.eclipse.justj.openjdk.hotspot.jre.full.linux.x86_64_17.0.1.v20211116-1657/jre/lib/server/libjvm.so at 0x00007f72dbc00000
stack at sp + 6 slots: 0x0000000000001cc7 is an unknown value
stack at sp + 7 slots: 0x3f8eb851de800000 is an unknown value


---------------  P R O C E S S  ---------------

Threads class SMR info:
_java_thread_list=0x00007f72d54d4390, length=15, elements={
0x00007f72d4026cf0, 0x00007f72d41d3120, 0x00007f72d41d4770, 0x00007f72d41f9710,
0x00007f72d41faac0, 0x00007f72d41fbed0, 0x00007f72d41fd550, 0x00007f72d41fea30,
0x00007f72d41ffea0, 0x00007f72d4298ce0, 0x00007f72d42a3ff0, 0x00007f72700914a0,
0x00007f72d47e5a80, 0x00007f72742dd9a0, 0x00007f72d54d3a50
}

Java Threads: ( => current thread )
  0x00007f72d4026cf0 JavaThread "main" [_thread_in_vm, id=19610, stack(0x00007f72dbb00000,0x00007f72dbc00000)]
  0x00007f72d41d3120 JavaThread "Reference Handler" daemon [_thread_blocked, id=19617, stack(0x00007f72b8100000,0x00007f72b8200000)]
  0x00007f72d41d4770 JavaThread "Finalizer" daemon [_thread_blocked, id=19618, stack(0x00007f72b8000000,0x00007f72b8100000)]
  0x00007f72d41f9710 JavaThread "Signal Dispatcher" daemon [_thread_blocked, id=19619, stack(0x00007f72a3700000,0x00007f72a3800000)]
  0x00007f72d41faac0 JavaThread "Service Thread" daemon [_thread_blocked, id=19620, stack(0x00007f72a3600000,0x00007f72a3700000)]
  0x00007f72d41fbed0 JavaThread "Monitor Deflation Thread" daemon [_thread_blocked, id=19621, stack(0x00007f72a3500000,0x00007f72a3600000)]
=>0x00007f72d41fd550 JavaThread "C2 CompilerThread0" daemon [_thread_in_native, id=19622, stack(0x00007f72a3400000,0x00007f72a3500000)]
  0x00007f72d41fea30 JavaThread "C1 CompilerThread0" daemon [_thread_blocked, id=19623, stack(0x00007f72a3300000,0x00007f72a3400000)]
  0x00007f72d41ffea0 JavaThread "Sweeper thread" daemon [_thread_blocked, id=19624, stack(0x00007f72a3200000,0x00007f72a3300000)]
  0x00007f72d4298ce0 JavaThread "Notification Thread" daemon [_thread_blocked, id=19625, stack(0x00007f72a3100000,0x00007f72a3200000)]
  0x00007f72d42a3ff0 JavaThread "Common-Cleaner" daemon [_thread_blocked, id=19627, stack(0x00007f72a2efe000,0x00007f72a2ffe000)]
  0x00007f72700914a0 JavaThread "C2 CompilerThread1" daemon [_thread_in_native, id=19628, stack(0x00007f72a2b00000,0x00007f72a2c00000)]
  0x00007f72d47e5a80 JavaThread "ReaderThread" [_thread_in_native, id=19629, stack(0x00007f72a2700000,0x00007f72a2800000)]
  0x00007f72742dd9a0 JavaThread "C2 CompilerThread2" daemon [_thread_in_native, id=19634, stack(0x00007f72a16f8000,0x00007f72a17f8000)]
  0x00007f72d54d3a50 JavaThread "mysql-cj-abandoned-connection-cleanup" daemon [_thread_blocked, id=19659, stack(0x00007f72a0700000,0x00007f72a0800000)]

Other Threads:
  0x00007f72d41839a0 VMThread "VM Thread" [stack: 0x00007f72b8478000,0x00007f72b8578000] [id=19616]
  0x00007f72d422d6f0 WatcherThread [stack: 0x00007f72a3000000,0x00007f72a3100000] [id=19626]
  0x00007f72d4076980 GCTaskThread "GC Thread#0" [stack: 0x00007f72bb18a000,0x00007f72bb28a000] [id=19611]
  0x00007f729c005f70 GCTaskThread "GC Thread#1" [stack: 0x00007f72a1b00000,0x00007f72a1c00000] [id=19630]
  0x00007f729c0069a0 GCTaskThread "GC Thread#2" [stack: 0x00007f72a19fe000,0x00007f72a1afe000] [id=19631]
  0x00007f729c0073d0 GCTaskThread "GC Thread#3" [stack: 0x00007f72a18fc000,0x00007f72a19fc000] [id=19632]
  0x00007f729c007e00 GCTaskThread "GC Thread#4" [stack: 0x00007f72a17fa000,0x00007f72a18fa000] [id=19633]
  0x00007f729c00e750 GCTaskThread "GC Thread#5" [stack: 0x00007f72a1300000,0x00007f72a1400000] [id=19636]
  0x00007f729c00ede0 GCTaskThread "GC Thread#6" [stack: 0x00007f72a11fe000,0x00007f72a12fe000] [id=19637]
  0x00007f729c00f810 GCTaskThread "GC Thread#7" [stack: 0x00007f72a10fc000,0x00007f72a11fc000] [id=19638]
  0x00007f72d4087610 ConcurrentGCThread "G1 Main Marker" [stack: 0x00007f72bb088000,0x00007f72bb188000] [id=19612]
  0x00007f72d4088570 ConcurrentGCThread "G1 Conc#0" [stack: 0x00007f72baf86000,0x00007f72bb086000] [id=19613]
  0x00007f72ac000eb0 ConcurrentGCThread "G1 Conc#1" [stack: 0x00007f72a0300000,0x00007f72a0400000] [id=19640]
  0x00007f72d413bf00 ConcurrentGCThread "G1 Refine#0" [stack: 0x00007f72b867c000,0x00007f72b877c000] [id=19614]
  0x00007f72d413cdf0 ConcurrentGCThread "G1 Service" [stack: 0x00007f72b857a000,0x00007f72b867a000] [id=19615]

Threads with active compile tasks:
C2 CompilerThread0     3346 3793       4       org.springframework.boot.context.properties.source.ConfigurationPropertyName$ElementsParser::parse (234 bytes)
C2 CompilerThread1     3346 3978   !   4       jdk.internal.loader.BuiltinClassLoader::findClassOnClassPathOrNull (64 bytes)
C2 CompilerThread2     3346 3761       4       org.springframework.beans.factory.support.AbstractBeanFactory::isFactoryBean (60 bytes)

VM state: not at safepoint (normal execution)

VM Mutex/Monitor currently owned by a thread: None

Heap address: 0x0000000709600000, size: 3946 MB, Compressed Oops mode: Zero based, Oop shift amount: 3

CDS archive(s) not mapped
Compressed class space mapped at: 0x0000000800000000-0x0000000840000000, reserved size: 1073741824
Narrow klass base: 0x0000000800000000, Narrow klass shift: 0, Narrow klass range: 0x40000000

GC Precious Log:
 CPUs: 8 total, 8 available
 Memory: 15783M
 Large Page Support: Disabled
 NUMA Support: Disabled
 Compressed Oops: Enabled (Zero based)
 Heap Region Size: 2M
 Heap Min Capacity: 8M
 Heap Initial Capacity: 248M
 Heap Max Capacity: 3946M
 Pre-touch: Disabled
 Parallel Workers: 8
 Concurrent Workers: 2
 Concurrent Refinement Workers: 8
 Periodic GC: Disabled

Heap:
 garbage-first heap   total 61440K, used 43421K [0x0000000709600000, 0x0000000800000000)
  region size 2048K, 15 young (30720K), 1 survivors (2048K)
 Metaspace       used 48809K, committed 49152K, reserved 1097728K
  class space    used 6468K, committed 6656K, reserved 1048576K

Heap Regions: E=young(eden), S=young(survivor), O=old, HS=humongous(starts), HC=humongous(continues), CS=collection set, F=free, OA=open archive, CA=closed archive, TAMS=top-at-mark-start (previous, next)
|   0|0x0000000709600000, 0x0000000709800000, 0x0000000709800000|100%| O|  |TAMS 0x0000000709800000, 0x0000000709600000| Untracked 
|   1|0x0000000709800000, 0x0000000709a00000, 0x0000000709a00000|100%| O|  |TAMS 0x0000000709a00000, 0x0000000709800000| Untracked 
|   2|0x0000000709a00000, 0x0000000709c00000, 0x0000000709c00000|100%| O|  |TAMS 0x0000000709c00000, 0x0000000709a00000| Untracked 
|   3|0x0000000709c00000, 0x0000000709e00000, 0x0000000709e00000|100%| O|  |TAMS 0x0000000709c00000, 0x0000000709c00000| Untracked 
|   4|0x0000000709e00000, 0x000000070a000000, 0x000000070a000000|100%| O|  |TAMS 0x000000070a000000, 0x0000000709e00000| Untracked 
|   5|0x000000070a000000, 0x000000070a200000, 0x000000070a200000|100%| O|  |TAMS 0x000000070a200000, 0x000000070a000000| Untracked 
|   6|0x000000070a200000, 0x000000070a400000, 0x000000070a400000|100%| O|  |TAMS 0x000000070a200000, 0x000000070a200000| Untracked 
|   7|0x000000070a400000, 0x000000070a5d7e00, 0x000000070a600000| 92%| O|  |TAMS 0x000000070a400000, 0x000000070a400000| Untracked 
|   8|0x000000070a600000, 0x000000070a600000, 0x000000070a800000|  0%| F|  |TAMS 0x000000070a600000, 0x000000070a600000| Untracked 
|   9|0x000000070a800000, 0x000000070a800000, 0x000000070aa00000|  0%| F|  |TAMS 0x000000070a800000, 0x000000070a800000| Untracked 
|  10|0x000000070aa00000, 0x000000070aa00000, 0x000000070ac00000|  0%| F|  |TAMS 0x000000070aa00000, 0x000000070aa00000| Untracked 
|  11|0x000000070ac00000, 0x000000070ac00000, 0x000000070ae00000|  0%| F|  |TAMS 0x000000070ac00000, 0x000000070ac00000| Untracked 
|  12|0x000000070ae00000, 0x000000070ae00000, 0x000000070b000000|  0%| F|  |TAMS 0x000000070ae00000, 0x000000070ae00000| Untracked 
|  13|0x000000070b000000, 0x000000070b000000, 0x000000070b200000|  0%| F|  |TAMS 0x000000070b000000, 0x000000070b000000| Untracked 
|  14|0x000000070b200000, 0x000000070b200000, 0x000000070b400000|  0%| F|  |TAMS 0x000000070b200000, 0x000000070b200000| Untracked 
|  15|0x000000070b400000, 0x000000070b48a7b8, 0x000000070b600000| 27%| E|  |TAMS 0x000000070b400000, 0x000000070b400000| Complete 
|  16|0x000000070b600000, 0x000000070b800000, 0x000000070b800000|100%| E|CS|TAMS 0x000000070b600000, 0x000000070b600000| Complete 
|  17|0x000000070b800000, 0x000000070ba00000, 0x000000070ba00000|100%| E|CS|TAMS 0x000000070b800000, 0x000000070b800000| Complete 
|  18|0x000000070ba00000, 0x000000070bc00000, 0x000000070bc00000|100%| E|CS|TAMS 0x000000070ba00000, 0x000000070ba00000| Complete 
|  19|0x000000070bc00000, 0x000000070be00000, 0x000000070be00000|100%| E|CS|TAMS 0x000000070bc00000, 0x000000070bc00000| Complete 
|  20|0x000000070be00000, 0x000000070c000000, 0x000000070c000000|100%| E|CS|TAMS 0x000000070be00000, 0x000000070be00000| Complete 
|  21|0x000000070c000000, 0x000000070c200000, 0x000000070c200000|100%| E|CS|TAMS 0x000000070c000000, 0x000000070c000000| Complete 
|  22|0x000000070c200000, 0x000000070c400000, 0x000000070c400000|100%| E|CS|TAMS 0x000000070c200000, 0x000000070c200000| Complete 
|  23|0x000000070c400000, 0x000000070c600000, 0x000000070c600000|100%| E|CS|TAMS 0x000000070c400000, 0x000000070c400000| Complete 
|  24|0x000000070c600000, 0x000000070c800000, 0x000000070c800000|100%| E|CS|TAMS 0x000000070c600000, 0x000000070c600000| Complete 
|  25|0x000000070c800000, 0x000000070ca00000, 0x000000070ca00000|100%| E|CS|TAMS 0x000000070c800000, 0x000000070c800000| Complete 
|  26|0x000000070ca00000, 0x000000070cc00000, 0x000000070cc00000|100%| E|CS|TAMS 0x000000070ca00000, 0x000000070ca00000| Complete 
|  34|0x000000070da00000, 0x000000070dc00000, 0x000000070dc00000|100%| E|CS|TAMS 0x000000070da00000, 0x000000070da00000| Complete 
|  35|0x000000070dc00000, 0x000000070dc8f9d0, 0x000000070de00000| 28%| S|CS|TAMS 0x000000070dc00000, 0x000000070dc00000| Complete 
| 123|0x0000000718c00000, 0x0000000718e00000, 0x0000000718e00000|100%| E|CS|TAMS 0x0000000718c00000, 0x0000000718c00000| Complete 

Card table byte_map: [0x00007f72c358f000,0x00007f72c3d44000] _byte_map_base: 0x00007f72bfd44000

Marking Bits (Prev, Next): (CMBitMap*) 0x00007f72d4077400, (CMBitMap*) 0x00007f72d4077440
 Prev Bits: [0x00007f72bf032000, 0x00007f72c2dda000)
 Next Bits: [0x00007f72bb28a000, 0x00007f72bf032000)

Polling page: 0x00007f72dd8da000

Metaspace:

Usage:
  Non-class:     41.36 MB used.
      Class:      6.32 MB used.
       Both:     47.68 MB used.

Virtual space:
  Non-class space:       48.00 MB reserved,      41.56 MB ( 87%) committed,  6 nodes.
      Class space:        1.00 GB reserved,       6.50 MB ( <1%) committed,  1 nodes.
             Both:        1.05 GB reserved,      48.06 MB (  4%) committed. 

Chunk freelists:
   Non-Class:  2.28 MB
       Class:  1.52 MB
        Both:  3.80 MB

MaxMetaspaceSize: unlimited
CompressedClassSpaceSize: 1.00 GB
Initial GC threshold: 21.00 MB
Current GC threshold: 59.19 MB
CDS: off
MetaspaceReclaimPolicy: balanced
 - commit_granule_bytes: 65536.
 - commit_granule_words: 8192.
 - virtual_space_node_default_size: 1048576.
 - enlarge_chunks_in_place: 1.
 - new_chunks_are_fully_committed: 0.
 - uncommit_free_chunks: 1.
 - use_allocation_guard: 0.
 - handle_deallocations: 1.


Internal statistics:

num_allocs_failed_limit: 6.
num_arena_births: 370.
num_arena_deaths: 0.
num_vsnodes_births: 7.
num_vsnodes_deaths: 0.
num_space_committed: 769.
num_space_uncommitted: 0.
num_chunks_returned_to_freelist: 6.
num_chunks_taken_from_freelist: 1861.
num_chunk_merges: 6.
num_chunk_splits: 1293.
num_chunks_enlarged: 992.
num_purges: 0.
num_inconsistent_stats: 0.

CodeHeap 'non-profiled nmethods': size=120028Kb used=2102Kb max_used=2102Kb free=117926Kb
 bounds [0x00007f72cc6c9000, 0x00007f72cc939000, 0x00007f72d3c00000]
CodeHeap 'profiled nmethods': size=120028Kb used=8781Kb max_used=8781Kb free=111246Kb
 bounds [0x00007f72c5192000, 0x00007f72c5a32000, 0x00007f72cc6c9000]
CodeHeap 'non-nmethods': size=5704Kb used=1232Kb max_used=1249Kb free=4471Kb
 bounds [0x00007f72c4c00000, 0x00007f72c4e70000, 0x00007f72c5192000]
 total_blobs=4569 nmethods=4028 adapters=455
 compilation: enabled
              stopped_count=0, restarted_count=0
 full_count=0

Compilation events (20 events):
Event: 3.298 Thread 0x00007f72d41fea30 4042       3       java.util.Locale::getDefault (63 bytes)
Event: 3.298 Thread 0x00007f72d41fea30 nmethod 4042 0x00007f72c5a22290 code [0x00007f72c5a224c0, 0x00007f72c5a22cc0]
Event: 3.299 Thread 0x00007f72d41fea30 4043  s    3       java.lang.StringBuffer::append (15 bytes)
Event: 3.299 Thread 0x00007f72d41fea30 nmethod 4043 0x00007f72c5a22f10 code [0x00007f72c5a230c0, 0x00007f72c5a232e0]
Event: 3.299 Thread 0x00007f72d41fea30 4044       3       java.util.ResourceBundle::getObject (82 bytes)
Event: 3.300 Thread 0x00007f72d41fea30 nmethod 4044 0x00007f72c5a23390 code [0x00007f72c5a23660, 0x00007f72c5a241f0]
Event: 3.300 Thread 0x00007f72d41fea30 4045       1       com.mysql.cj.conf.AbstractPropertyDefinition::getPropertyKey (5 bytes)
Event: 3.300 Thread 0x00007f72d41fea30 nmethod 4045 0x00007f72cc8d5910 code [0x00007f72cc8d5aa0, 0x00007f72cc8d5b70]
Event: 3.301 Thread 0x00007f72d41fea30 4046       1       com.mysql.cj.conf.AbstractPropertyDefinition::getDefaultValue (5 bytes)
Event: 3.301 Thread 0x00007f72d41fea30 nmethod 4046 0x00007f72cc8d5c10 code [0x00007f72cc8d5da0, 0x00007f72cc8d5e70]
Event: 3.301 Thread 0x00007f72d41fea30 4047       1       com.mysql.cj.conf.AbstractRuntimeProperty::getPropertyDefinition (5 bytes)
Event: 3.301 Thread 0x00007f72d41fea30 nmethod 4047 0x00007f72cc8d5f10 code [0x00007f72cc8d60a0, 0x00007f72cc8d6170]
Event: 3.301 Thread 0x00007f72d41fea30 4048       1       com.mysql.cj.conf.AbstractPropertyDefinition::getName (5 bytes)
Event: 3.301 Thread 0x00007f72d41fea30 nmethod 4048 0x00007f72cc8d6210 code [0x00007f72cc8d63a0, 0x00007f72cc8d6470]
Event: 3.301 Thread 0x00007f72d41fea30 4049       1       com.mysql.cj.conf.AbstractPropertyDefinition::getCcAlias (5 bytes)
Event: 3.301 Thread 0x00007f72d41fea30 nmethod 4049 0x00007f72cc8d6510 code [0x00007f72cc8d66a0, 0x00007f72cc8d6770]
Event: 3.317 Thread 0x00007f72d41fea30 4050   !   3       com.mysql.cj.conf.DefaultPropertySet::getProperty (52 bytes)
Event: 3.317 Thread 0x00007f72d41fea30 nmethod 4050 0x00007f72c5a24610 code [0x00007f72c5a24800, 0x00007f72c5a24f20]
Event: 3.325 Thread 0x00007f72d41fea30 4051       3       java.nio.ByteBuffer::array (35 bytes)
Event: 3.325 Thread 0x00007f72d41fea30 nmethod 4051 0x00007f72c5a25190 code [0x00007f72c5a25360, 0x00007f72c5a25630]

GC Heap History (18 events):
Event: 0.619 GC heap before
{Heap before GC invocations=0 (full 0):
 garbage-first heap   total 253952K, used 20480K [0x0000000709600000, 0x0000000800000000)
  region size 2048K, 11 young (22528K), 0 survivors (0K)
 Metaspace       used 11640K, committed 11840K, reserved 1064960K
  class space    used 1234K, committed 1344K, reserved 1048576K
}
Event: 0.626 GC heap after
{Heap after GC invocations=1 (full 0):
 garbage-first heap   total 253952K, used 6096K [0x0000000709600000, 0x0000000800000000)
  region size 2048K, 2 young (4096K), 2 survivors (4096K)
 Metaspace       used 11640K, committed 11840K, reserved 1064960K
  class space    used 1234K, committed 1344K, reserved 1048576K
}
Event: 1.093 GC heap before
{Heap before GC invocations=1 (full 0):
 garbage-first heap   total 253952K, used 30672K [0x0000000709600000, 0x0000000800000000)
  region size 2048K, 14 young (28672K), 2 survivors (4096K)
 Metaspace       used 18629K, committed 18880K, reserved 1073152K
  class space    used 2044K, committed 2176K, reserved 1048576K
}
Event: 1.098 GC heap after
{Heap after GC invocations=2 (full 0):
 garbage-first heap   total 253952K, used 8497K [0x0000000709600000, 0x0000000800000000)
  region size 2048K, 2 young (4096K), 2 survivors (4096K)
 Metaspace       used 18629K, committed 18880K, reserved 1073152K
  class space    used 2044K, committed 2176K, reserved 1048576K
}
Event: 1.350 GC heap before
{Heap before GC invocations=2 (full 0):
 garbage-first heap   total 253952K, used 20785K [0x0000000709600000, 0x0000000800000000)
  region size 2048K, 9 young (18432K), 2 survivors (4096K)
 Metaspace       used 21343K, committed 21504K, reserved 1073152K
  class space    used 2461K, committed 2560K, reserved 1048576K
}
Event: 1.354 GC heap after
{Heap after GC invocations=3 (full 0):
 garbage-first heap   total 253952K, used 9522K [0x0000000709600000, 0x0000000800000000)
  region size 2048K, 2 young (4096K), 2 survivors (4096K)
 Metaspace       used 21343K, committed 21504K, reserved 1073152K
  class space    used 2461K, committed 2560K, reserved 1048576K
}
Event: 1.585 GC heap before
{Heap before GC invocations=4 (full 0):
 garbage-first heap   total 49152K, used 34098K [0x0000000709600000, 0x0000000800000000)
  region size 2048K, 15 young (30720K), 2 survivors (4096K)
 Metaspace       used 26128K, committed 26368K, reserved 1073152K
  class space    used 3180K, committed 3264K, reserved 1048576K
}
Event: 1.589 GC heap after
{Heap after GC invocations=5 (full 0):
 garbage-first heap   total 49152K, used 11075K [0x0000000709600000, 0x0000000800000000)
  region size 2048K, 3 young (6144K), 3 survivors (6144K)
 Metaspace       used 26128K, committed 26368K, reserved 1073152K
  class space    used 3180K, committed 3264K, reserved 1048576K
}
Event: 1.604 GC heap before
{Heap before GC invocations=5 (full 0):
 garbage-first heap   total 49152K, used 11075K [0x0000000709600000, 0x0000000800000000)
  region size 2048K, 4 young (8192K), 3 survivors (6144K)
 Metaspace       used 26417K, committed 26688K, reserved 1073152K
  class space    used 3229K, committed 3392K, reserved 1048576K
}
Event: 1.610 GC heap after
{Heap after GC invocations=6 (full 0):
 garbage-first heap   total 49152K, used 11869K [0x0000000709600000, 0x0000000800000000)
  region size 2048K, 1 young (2048K), 1 survivors (2048K)
 Metaspace       used 26417K, committed 26688K, reserved 1073152K
  class space    used 3229K, committed 3392K, reserved 1048576K
}
Event: 1.622 GC heap before
{Heap before GC invocations=6 (full 0):
 garbage-first heap   total 49152K, used 28253K [0x0000000709600000, 0x0000000800000000)
  region size 2048K, 10 young (20480K), 1 survivors (2048K)
 Metaspace       used 26755K, committed 27008K, reserved 1073152K
  class space    used 3265K, committed 3392K, reserved 1048576K
}
Event: 1.623 GC heap after
{Heap after GC invocations=7 (full 0):
 garbage-first heap   total 151552K, used 11488K [0x0000000709600000, 0x0000000800000000)
  region size 2048K, 1 young (2048K), 1 survivors (2048K)
 Metaspace       used 26755K, committed 27008K, reserved 1073152K
  class space    used 3265K, committed 3392K, reserved 1048576K
}
Event: 2.329 GC heap before
{Heap before GC invocations=7 (full 0):
 garbage-first heap   total 151552K, used 85216K [0x0000000709600000, 0x0000000800000000)
  region size 2048K, 39 young (79872K), 1 survivors (2048K)
 Metaspace       used 35878K, committed 36096K, reserved 1081344K
  class space    used 4415K, committed 4544K, reserved 1048576K
}
Event: 2.334 GC heap after
{Heap after GC invocations=8 (full 0):
 garbage-first heap   total 151552K, used 14811K [0x0000000709600000, 0x0000000800000000)
  region size 2048K, 2 young (4096K), 2 survivors (4096K)
 Metaspace       used 35878K, committed 36096K, reserved 1081344K
  class space    used 4415K, committed 4544K, reserved 1048576K
}
Event: 2.911 GC heap before
{Heap before GC invocations=9 (full 0):
 garbage-first heap   total 61440K, used 47579K [0x0000000709600000, 0x0000000800000000)
  region size 2048K, 18 young (36864K), 2 survivors (4096K)
 Metaspace       used 42063K, committed 42368K, reserved 1089536K
  class space    used 5552K, committed 5696K, reserved 1048576K
}
Event: 2.917 GC heap after
{Heap after GC invocations=10 (full 0):
 garbage-first heap   total 61440K, used 16566K [0x0000000709600000, 0x0000000800000000)
  region size 2048K, 2 young (4096K), 2 survivors (4096K)
 Metaspace       used 42063K, committed 42368K, reserved 1089536K
  class space    used 5552K, committed 5696K, reserved 1048576K
}
Event: 2.949 GC heap before
{Heap before GC invocations=10 (full 0):
 garbage-first heap   total 61440K, used 18614K [0x0000000709600000, 0x0000000800000000)
  region size 2048K, 3 young (6144K), 2 survivors (4096K)
 Metaspace       used 42307K, committed 42688K, reserved 1089536K
  class space    used 5586K, committed 5760K, reserved 1048576K
}
Event: 2.953 GC heap after
{Heap after GC invocations=11 (full 0):
 garbage-first heap   total 61440K, used 16797K [0x0000000709600000, 0x0000000800000000)
  region size 2048K, 1 young (2048K), 1 survivors (2048K)
 Metaspace       used 42307K, committed 42688K, reserved 1089536K
  class space    used 5586K, committed 5760K, reserved 1048576K
}

Deoptimization events (20 events):
Event: 3.259 Thread 0x00007f72d4026cf0 Uncommon trap: trap_request=0xffffff45 fr.pc=0x00007f72cc8552bc relative=0x000000000000009c
Event: 3.259 Thread 0x00007f72d4026cf0 Uncommon trap: reason=unstable_if action=reinterpret pc=0x00007f72cc8552bc method=java.nio.Buffer.position(I)Ljava/nio/Buffer; @ 37 c2
Event: 3.259 Thread 0x00007f72d4026cf0 DEOPT PACKING pc=0x00007f72cc8552bc sp=0x00007f72dbbf8180
Event: 3.259 Thread 0x00007f72d4026cf0 DEOPT UNPACKING pc=0x00007f72c4c52099 sp=0x00007f72dbbf8128 mode 2
Event: 3.259 Thread 0x00007f72d4026cf0 Uncommon trap: trap_request=0xffffff45 fr.pc=0x00007f72cc7c5218 relative=0x0000000000000558
Event: 3.259 Thread 0x00007f72d4026cf0 Uncommon trap: reason=unstable_if action=reinterpret pc=0x00007f72cc7c5218 method=java.util.Properties.loadConvert([CIILjava/lang/StringBuilder;)Ljava/lang/String; @ 26 c2
Event: 3.259 Thread 0x00007f72d4026cf0 DEOPT PACKING pc=0x00007f72cc7c5218 sp=0x00007f72dbbf8540
Event: 3.259 Thread 0x00007f72d4026cf0 DEOPT UNPACKING pc=0x00007f72c4c52099 sp=0x00007f72dbbf8500 mode 2
Event: 3.262 Thread 0x00007f72d4026cf0 Uncommon trap: trap_request=0xffffff45 fr.pc=0x00007f72cc7e098c relative=0x000000000000096c
Event: 3.262 Thread 0x00007f72d4026cf0 Uncommon trap: reason=unstable_if action=reinterpret pc=0x00007f72cc7e098c method=java.util.Properties$LineReader.readLine()I @ 395 c2
Event: 3.262 Thread 0x00007f72d4026cf0 DEOPT PACKING pc=0x00007f72cc7e098c sp=0x00007f72dbbf8550
Event: 3.262 Thread 0x00007f72d4026cf0 DEOPT UNPACKING pc=0x00007f72c4c52099 sp=0x00007f72dbbf84e8 mode 2
Event: 3.265 Thread 0x00007f72d4026cf0 DEOPT PACKING pc=0x00007f72c5a197cd sp=0x00007f72dbbf84d0
Event: 3.265 Thread 0x00007f72d4026cf0 DEOPT UNPACKING pc=0x00007f72c4c5282f sp=0x00007f72dbbf79e8 mode 0
Event: 3.265 Thread 0x00007f72d4026cf0 DEOPT PACKING pc=0x00007f72c5a197cd sp=0x00007f72dbbf84d0
Event: 3.265 Thread 0x00007f72d4026cf0 DEOPT UNPACKING pc=0x00007f72c4c5282f sp=0x00007f72dbbf79e8 mode 0
Event: 3.266 Thread 0x00007f72d4026cf0 DEOPT PACKING pc=0x00007f72c5a197cd sp=0x00007f72dbbf84d0
Event: 3.266 Thread 0x00007f72d4026cf0 DEOPT UNPACKING pc=0x00007f72c4c5282f sp=0x00007f72dbbf79e8 mode 0
Event: 3.266 Thread 0x00007f72d4026cf0 DEOPT PACKING pc=0x00007f72c5a197cd sp=0x00007f72dbbf84d0
Event: 3.266 Thread 0x00007f72d4026cf0 DEOPT UNPACKING pc=0x00007f72c4c5282f sp=0x00007f72dbbf79e8 mode 0

Classes unloaded (0 events):
No events

Classes redefined (0 events):
No events

Internal exceptions (20 events):
Event: 3.021 Thread 0x00007f72d4026cf0 Exception <a 'java/lang/ClassNotFoundException'{0x000000070caf65c8}: org/springframework/boot/orm/jpa/EntityManagerFactoryBuilderCustomizer> (0x000000070caf65c8) 
thrown [src/hotspot/share/classfile/systemDictionary.cpp, line 256]
Event: 3.027 Thread 0x00007f72d4026cf0 Implicit null exception at 0x00007f72cc8400b7 to 0x00007f72cc8402b0
Event: 3.032 Thread 0x00007f72d4026cf0 Exception <a 'java/lang/ClassNotFoundException'{0x000000070cba0f40}: java/lang/ObjectCustomizer> (0x000000070cba0f40) 
thrown [src/hotspot/share/classfile/systemDictionary.cpp, line 256]
Event: 3.032 Thread 0x00007f72d4026cf0 Exception <a 'java/lang/ClassNotFoundException'{0x000000070cbab160}: org/springframework/orm/jpa/AbstractEntityManagerFactoryBeanCustomizer> (0x000000070cbab160) 
thrown [src/hotspot/share/classfile/systemDictionary.cpp, line 256]
Event: 3.034 Thread 0x00007f72d4026cf0 Exception <a 'java/lang/ClassNotFoundException'{0x000000070cbd5468}: org/springframework/orm/jpa/LocalContainerEntityManagerFactoryBeanCustomizer> (0x000000070cbd5468) 
thrown [src/hotspot/share/classfile/systemDictionary.cpp, line 256]
Event: 3.036 Thread 0x00007f72d4026cf0 Exception <a 'java/lang/ClassNotFoundException'{0x000000070c81df40}: org/springframework/context/ResourceLoaderAwareCustomizer> (0x000000070c81df40) 
thrown [src/hotspot/share/classfile/systemDictionary.cpp, line 256]
Event: 3.036 Thread 0x00007f72d4026cf0 Exception <a 'java/lang/ClassNotFoundException'{0x000000070c8257c8}: org/springframework/beans/factory/AwareCustomizer> (0x000000070c8257c8) 
thrown [src/hotspot/share/classfile/systemDictionary.cpp, line 256]
Event: 3.036 Thread 0x00007f72d4026cf0 Exception <a 'java/lang/ClassNotFoundException'{0x000000070c82c5a8}: org/springframework/context/weaving/LoadTimeWeaverAwareCustomizer> (0x000000070c82c5a8) 
thrown [src/hotspot/share/classfile/systemDictionary.cpp, line 256]
Event: 3.036 Thread 0x00007f72d4026cf0 Exception <a 'java/lang/ClassNotFoundException'{0x000000070c834338}: org/springframework/beans/factory/AwareCustomizer> (0x000000070c834338) 
thrown [src/hotspot/share/classfile/systemDictionary.cpp, line 256]
Event: 3.037 Thread 0x00007f72d4026cf0 Exception <a 'java/lang/ClassNotFoundException'{0x000000070c83afb8}: org/springframework/beans/factory/FactoryBeanCustomizer> (0x000000070c83afb8) 
thrown [src/hotspot/share/classfile/systemDictionary.cpp, line 256]
Event: 3.037 Thread 0x00007f72d4026cf0 Exception <a 'java/lang/ClassNotFoundException'{0x000000070c845f50}: org/springframework/beans/factory/BeanClassLoaderAwareCustomizer> (0x000000070c845f50) 
thrown [src/hotspot/share/classfile/systemDictionary.cpp, line 256]
Event: 3.038 Thread 0x00007f72d4026cf0 Exception <a 'java/lang/ClassNotFoundException'{0x000000070c84d800}: org/springframework/beans/factory/AwareCustomizer> (0x000000070c84d800) 
thrown [src/hotspot/share/classfile/systemDictionary.cpp, line 256]
Event: 3.038 Thread 0x00007f72d4026cf0 Exception <a 'java/lang/ClassNotFoundException'{0x000000070c854410}: org/springframework/beans/factory/BeanFactoryAwareCustomizer> (0x000000070c854410) 
thrown [src/hotspot/share/classfile/systemDictionary.cpp, line 256]
Event: 3.038 Thread 0x00007f72d4026cf0 Exception <a 'java/lang/ClassNotFoundException'{0x000000070c85c360}: org/springframework/beans/factory/AwareCustomizer> (0x000000070c85c360) 
thrown [src/hotspot/share/classfile/systemDictionary.cpp, line 256]
Event: 3.038 Thread 0x00007f72d4026cf0 Exception <a 'java/lang/ClassNotFoundException'{0x000000070c862f70}: org/springframework/beans/factory/BeanNameAwareCustomizer> (0x000000070c862f70) 
thrown [src/hotspot/share/classfile/systemDictionary.cpp, line 256]
Event: 3.038 Thread 0x00007f72d4026cf0 Exception <a 'java/lang/ClassNotFoundException'{0x000000070c86abc0}: org/springframework/beans/factory/AwareCustomizer> (0x000000070c86abc0) 
thrown [src/hotspot/share/classfile/systemDictionary.cpp, line 256]
Event: 3.039 Thread 0x00007f72d4026cf0 Exception <a 'java/lang/ClassNotFoundException'{0x000000070c8717d0}: org/springframework/beans/factory/InitializingBeanCustomizer> (0x000000070c8717d0) 
thrown [src/hotspot/share/classfile/systemDictionary.cpp, line 256]
Event: 3.039 Thread 0x00007f72d4026cf0 Exception <a 'java/lang/ClassNotFoundException'{0x000000070c878c78}: org/springframework/beans/factory/DisposableBeanCustomizer> (0x000000070c878c78) 
thrown [src/hotspot/share/classfile/systemDictionary.cpp, line 256]
Event: 3.039 Thread 0x00007f72d4026cf0 Exception <a 'java/lang/ClassNotFoundException'{0x000000070c8806d0}: org/springframework/orm/jpa/EntityManagerFactoryInfoCustomizer> (0x000000070c8806d0) 
thrown [src/hotspot/share/classfile/systemDictionary.cpp, line 256]
Event: 3.040 Thread 0x00007f72d4026cf0 Exception <a 'java/lang/ClassNotFoundException'{0x000000070c891fb0}: org/springframework/dao/support/PersistenceExceptionTranslatorCustomizer> (0x000000070c891fb0) 
thrown [src/hotspot/share/classfile/systemDictionary.cpp, line 256]

VM Operations (20 events):
Event: 2.348 Executing VM operation: G1Concurrent
Event: 2.350 Executing VM operation: G1Concurrent done
Event: 2.354 Executing VM operation: G1Concurrent
Event: 2.354 Executing VM operation: G1Concurrent done
Event: 2.616 Executing VM operation: ICBufferFull
Event: 2.617 Executing VM operation: ICBufferFull done
Event: 2.850 Executing VM operation: ICBufferFull
Event: 2.850 Executing VM operation: ICBufferFull done
Event: 2.857 Executing VM operation: HandshakeAllThreads
Event: 2.857 Executing VM operation: HandshakeAllThreads done
Event: 2.902 Executing VM operation: HandshakeAllThreads
Event: 2.903 Executing VM operation: HandshakeAllThreads done
Event: 2.911 Executing VM operation: G1CollectForAllocation
Event: 2.917 Executing VM operation: G1CollectForAllocation done
Event: 2.931 Executing VM operation: HandshakeAllThreads
Event: 2.931 Executing VM operation: HandshakeAllThreads done
Event: 2.949 Executing VM operation: G1CollectForAllocation
Event: 2.953 Executing VM operation: G1CollectForAllocation done
Event: 3.136 Executing VM operation: HandshakeAllThreads
Event: 3.136 Executing VM operation: HandshakeAllThreads done

Events (20 events):
Event: 3.317 loading class java/util/LinkedList$LLSpliterator
Event: 3.317 loading class java/util/LinkedList$LLSpliterator done
Event: 3.320 loading class java/net/StandardSocketOptions
Event: 3.320 loading class java/net/StandardSocketOptions done
Event: 3.320 loading class java/net/StandardSocketOptions$StdSocketOption
Event: 3.320 loading class java/net/StandardSocketOptions$StdSocketOption done
Event: 3.320 loading class sun/nio/ch/SocketOptionRegistry
Event: 3.320 loading class sun/nio/ch/SocketOptionRegistry done
Event: 3.320 loading class sun/nio/ch/SocketOptionRegistry$RegistryKey
Event: 3.320 loading class sun/nio/ch/SocketOptionRegistry$RegistryKey done
Event: 3.320 loading class sun/nio/ch/SocketOptionRegistry$LazyInitialization
Event: 3.320 loading class sun/nio/ch/SocketOptionRegistry$LazyInitialization done
Event: 3.320 loading class sun/nio/ch/OptionKey
Event: 3.321 loading class sun/nio/ch/OptionKey done
Event: 3.321 loading class sun/nio/ch/ExtendedSocketOption
Event: 3.321 loading class sun/nio/ch/ExtendedSocketOption done
Event: 3.321 loading class sun/nio/ch/ExtendedSocketOption$1
Event: 3.321 loading class sun/nio/ch/ExtendedSocketOption$1 done
Event: 3.321 loading class java/io/EOFException
Event: 3.321 loading class java/io/EOFException done


Dynamic libraries:
709600000-70cc00000 rw-p 00000000 00:00 0 
70cc00000-70da00000 ---p 00000000 00:00 0 
70da00000-70de00000 rw-p 00000000 00:00 0 
70de00000-718c00000 ---p 00000000 00:00 0 
718c00000-718e00000 rw-p 00000000 00:00 0 
718e00000-800000000 ---p 00000000 00:00 0 
800000000-800040000 rw-p 00000000 00:00 0 
800040000-8000c0000 rw-p 00000000 00:00 0 
8000c0000-800100000 rw-p 00000000 00:00 0 
800100000-800160000 rw-p 00000000 00:00 0 
800160000-8001c0000 rw-p 00000000 00:00 0 
8001c0000-800200000 rw-p 00000000 00:00 0 
800200000-800340000 rw-p 00000000 00:00 0 
800340000-800380000 rw-p 00000000 00:00 0 
800380000-800680000 rw-p 00000000 00:00 0 
800680000-840000000 ---p 00000000 00:00 0 
558eece00000-558eece01000 r-xp 00000000 00:21 261194                     /usr/lib64/eclipse/plugins/org.eclipse.justj.openjdk.hotspot.jre.full.linux.x86_64_17.0.1.v20211116-1657/jre/bin/java
558eed001000-558eed002000 r--p 00001000 00:21 261194                     /usr/lib64/eclipse/plugins/org.eclipse.justj.openjdk.hotspot.jre.full.linux.x86_64_17.0.1.v20211116-1657/jre/bin/java
558eed002000-558eed003000 rw-p 00002000 00:21 261194                     /usr/lib64/eclipse/plugins/org.eclipse.justj.openjdk.hotspot.jre.full.linux.x86_64_17.0.1.v20211116-1657/jre/bin/java
558eed7a7000-558eed7c8000 rw-p 00000000 00:00 0                          [heap]
7f7228000000-7f7228021000 rw-p 00000000 00:00 0 
7f7228021000-7f722c000000 ---p 00000000 00:00 0 
7f7230000000-7f7230289000 rw-p 00000000 00:00 0 
7f7230289000-7f7234000000 ---p 00000000 00:00 0 
7f7234000000-7f7234021000 rw-p 00000000 00:00 0 
7f7234021000-7f7238000000 ---p 00000000 00:00 0 
7f7238000000-7f7238021000 rw-p 00000000 00:00 0 
7f7238021000-7f723c000000 ---p 00000000 00:00 0 
7f723c000000-7f723c021000 rw-p 00000000 00:00 0 
7f723c021000-7f7240000000 ---p 00000000 00:00 0 
7f7240000000-7f7241c48000 rw-p 00000000 00:00 0 
7f7241c48000-7f7244000000 ---p 00000000 00:00 0 
7f7244000000-7f724402b000 rw-p 00000000 00:00 0 
7f724402b000-7f7248000000 ---p 00000000 00:00 0 
7f7248000000-7f724802c000 rw-p 00000000 00:00 0 
7f724802c000-7f724c000000 ---p 00000000 00:00 0 
7f724c000000-7f724c021000 rw-p 00000000 00:00 0 
7f724c021000-7f7250000000 ---p 00000000 00:00 0 
7f7250000000-7f7250021000 rw-p 00000000 00:00 0 
7f7250021000-7f7254000000 ---p 00000000 00:00 0 
7f7254000000-7f7254026000 rw-p 00000000 00:00 0 
7f7254026000-7f7258000000 ---p 00000000 00:00 0 
7f7258000000-7f72594b4000 rw-p 00000000 00:00 0 
7f72594b4000-7f725c000000 ---p 00000000 00:00 0 
7f725c000000-7f725c021000 rw-p 00000000 00:00 0 
7f725c021000-7f7260000000 ---p 00000000 00:00 0 
7f7260000000-7f7260021000 rw-p 00000000 00:00 0 
7f7260021000-7f7264000000 ---p 00000000 00:00 0 
7f7264000000-7f7264021000 rw-p 00000000 00:00 0 
7f7264021000-7f7268000000 ---p 00000000 00:00 0 
7f7268000000-7f7268021000 rw-p 00000000 00:00 0 
7f7268021000-7f726c000000 ---p 00000000 00:00 0 
7f726c000000-7f726c021000 rw-p 00000000 00:00 0 
7f726c021000-7f7270000000 ---p 00000000 00:00 0 
7f7270000000-7f7271836000 rw-p 00000000 00:00 0 
7f7271836000-7f7274000000 ---p 00000000 00:00 0 
7f7274000000-7f727498c000 rw-p 00000000 00:00 0 
7f727498c000-7f7278000000 ---p 00000000 00:00 0 
7f7278000000-7f7278021000 rw-p 00000000 00:00 0 
7f7278021000-7f727c000000 ---p 00000000 00:00 0 
7f727c000000-7f727c021000 rw-p 00000000 00:00 0 
7f727c021000-7f7280000000 ---p 00000000 00:00 0 
7f7280000000-7f7280021000 rw-p 00000000 00:00 0 
7f7280021000-7f7284000000 ---p 00000000 00:00 0 
7f7285000000-7f72851c0000 rw-p 00000000 00:00 0 
7f72851c0000-7f7285800000 ---p 00000000 00:00 0 
7f7285800000-7f7285d00000 rw-p 00000000 00:00 0 
7f7285d00000-7f7285dd0000 rw-p 00000000 00:00 0 
7f7285dd0000-7f7285e00000 ---p 00000000 00:00 0 
7f7285e00000-7f7286000000 rw-p 00000000 00:00 0 
7f7286000000-7f7286780000 rw-p 00000000 00:00 0 
7f7286780000-7f7286800000 rw-p 00000000 00:00 0 
7f7286800000-7f7286805000 r-xp 00000000 00:21 261589                     /usr/lib64/eclipse/plugins/org.eclipse.justj.openjdk.hotspot.jre.full.linux.x86_64_17.0.1.v20211116-1657/jre/lib/libmanagement_ext.so
7f7286805000-7f7286a05000 ---p 00005000 00:21 261589                     /usr/lib64/eclipse/plugins/org.eclipse.justj.openjdk.hotspot.jre.full.linux.x86_64_17.0.1.v20211116-1657/jre/lib/libmanagement_ext.so
7f7286a05000-7f7286a06000 r--p 00005000 00:21 261589                     /usr/lib64/eclipse/plugins/org.eclipse.justj.openjdk.hotspot.jre.full.linux.x86_64_17.0.1.v20211116-1657/jre/lib/libmanagement_ext.so
7f7286a06000-7f7286a07000 rw-p 00006000 00:21 261589                     /usr/lib64/eclipse/plugins/org.eclipse.justj.openjdk.hotspot.jre.full.linux.x86_64_17.0.1.v20211116-1657/jre/lib/libmanagement_ext.so
7f7286a42000-7f7293ff9000 r--p 00000000 00:21 522174                     /usr/lib/locale/locale-archive
7f7294000000-7f7294021000 rw-p 00000000 00:00 0 
7f7294021000-7f7298000000 ---p 00000000 00:00 0 
7f7298000000-7f7298021000 rw-p 00000000 00:00 0 
7f7298021000-7f729c000000 ---p 00000000 00:00 0 
7f729c000000-7f729c021000 rw-p 00000000 00:00 0 
7f729c021000-7f72a0000000 ---p 00000000 00:00 0 
7f72a01fe000-7f72a0202000 ---p 00000000 00:00 0 
7f72a0202000-7f72a02fe000 rw-p 00000000 00:00 0 
7f72a02fe000-7f72a02ff000 ---p 00000000 00:00 0 
7f72a02ff000-7f72a0400000 rw-p 00000000 00:00 0 
7f72a0400000-7f72a0404000 r-xp 00000000 00:21 261587                     /usr/lib64/eclipse/plugins/org.eclipse.justj.openjdk.hotspot.jre.full.linux.x86_64_17.0.1.v20211116-1657/jre/lib/libmanagement.so
7f72a0404000-7f72a0603000 ---p 00004000 00:21 261587                     /usr/lib64/eclipse/plugins/org.eclipse.justj.openjdk.hotspot.jre.full.linux.x86_64_17.0.1.v20211116-1657/jre/lib/libmanagement.so
7f72a0603000-7f72a0604000 r--p 00003000 00:21 261587                     /usr/lib64/eclipse/plugins/org.eclipse.justj.openjdk.hotspot.jre.full.linux.x86_64_17.0.1.v20211116-1657/jre/lib/libmanagement.so
7f72a0604000-7f72a0605000 rw-p 00004000 00:21 261587                     /usr/lib64/eclipse/plugins/org.eclipse.justj.openjdk.hotspot.jre.full.linux.x86_64_17.0.1.v20211116-1657/jre/lib/libmanagement.so
7f72a0700000-7f72a0704000 ---p 00000000 00:00 0 
7f72a0704000-7f72a0980000 rw-p 00000000 00:00 0 
7f72a0980000-7f72a0a00000 rw-p 00000000 00:00 0 
7f72a0a00000-7f72a0b00000 rw-p 00000000 00:00 0 
7f72a0b00000-7f72a0c00000 rw-p 00000000 00:00 0 
7f72a0c00000-7f72a1000000 rw-p 00000000 00:00 0 
7f72a10fa000-7f72a10fb000 ---p 00000000 00:00 0 
7f72a10fb000-7f72a11fc000 rw-p 00000000 00:00 0 
7f72a11fc000-7f72a11fd000 ---p 00000000 00:00 0 
7f72a11fd000-7f72a12fe000 rw-p 00000000 00:00 0 
7f72a12fe000-7f72a12ff000 ---p 00000000 00:00 0 
7f72a12ff000-7f72a1400000 rw-p 00000000 00:00 0 
7f72a1400000-7f72a140d000 r-xp 00000000 00:21 261598                     /usr/lib64/eclipse/plugins/org.eclipse.justj.openjdk.hotspot.jre.full.linux.x86_64_17.0.1.v20211116-1657/jre/lib/libverify.so
7f72a140d000-7f72a160c000 ---p 0000d000 00:21 261598                     /usr/lib64/eclipse/plugins/org.eclipse.justj.openjdk.hotspot.jre.full.linux.x86_64_17.0.1.v20211116-1657/jre/lib/libverify.so
7f72a160c000-7f72a160e000 r--p 0000c000 00:21 261598                     /usr/lib64/eclipse/plugins/org.eclipse.justj.openjdk.hotspot.jre.full.linux.x86_64_17.0.1.v20211116-1657/jre/lib/libverify.so
7f72a160e000-7f72a160f000 rw-p 0000e000 00:21 261598                     /usr/lib64/eclipse/plugins/org.eclipse.justj.openjdk.hotspot.jre.full.linux.x86_64_17.0.1.v20211116-1657/jre/lib/libverify.so
7f72a16f8000-7f72a16fc000 ---p 00000000 00:00 0 
7f72a16fc000-7f72a17f8000 rw-p 00000000 00:00 0 
7f72a17f8000-7f72a17f9000 ---p 00000000 00:00 0 
7f72a17f9000-7f72a18fa000 rw-p 00000000 00:00 0 
7f72a18fa000-7f72a18fb000 ---p 00000000 00:00 0 
7f72a18fb000-7f72a19fc000 rw-p 00000000 00:00 0 
7f72a19fc000-7f72a19fd000 ---p 00000000 00:00 0 
7f72a19fd000-7f72a1afe000 rw-p 00000000 00:00 0 
7f72a1afe000-7f72a1aff000 ---p 00000000 00:00 0 
7f72a1aff000-7f72a1d00000 rw-p 00000000 00:00 0 
7f72a1d00000-7f72a1e00000 rw-p 00000000 00:00 0 
7f72a1e00000-7f72a1ec0000 rw-p 00000000 00:00 0 
7f72a1ec0000-7f72a1f00000 rw-p 00000000 00:00 0 
7f72a1f00000-7f72a2100000 rw-p 00000000 00:00 0 
7f72a2100000-7f72a2200000 rw-p 00000000 00:00 0 
7f72a2200000-7f72a2380000 rw-p 00000000 00:00 0 
7f72a2380000-7f72a2400000 rw-p 00000000 00:00 0 
7f72a2400000-7f72a2402000 r-xp 00000000 00:21 261571                     /usr/lib64/eclipse/plugins/org.eclipse.justj.openjdk.hotspot.jre.full.linux.x86_64_17.0.1.v20211116-1657/jre/lib/libextnet.so
7f72a2402000-7f72a2601000 ---p 00002000 00:21 261571                     /usr/lib64/eclipse/plugins/org.eclipse.justj.openjdk.hotspot.jre.full.linux.x86_64_17.0.1.v20211116-1657/jre/lib/libextnet.so
7f72a2601000-7f72a2602000 r--p 00001000 00:21 261571                     /usr/lib64/eclipse/plugins/org.eclipse.justj.openjdk.hotspot.jre.full.linux.x86_64_17.0.1.v20211116-1657/jre/lib/libextnet.so
7f72a2602000-7f72a2603000 rw-p 00002000 00:21 261571                     /usr/lib64/eclipse/plugins/org.eclipse.justj.openjdk.hotspot.jre.full.linux.x86_64_17.0.1.v20211116-1657/jre/lib/libextnet.so
7f72a2700000-7f72a2704000 ---p 00000000 00:00 0 
7f72a2704000-7f72a2800000 rw-p 00000000 00:00 0 
7f72a2800000-7f72a2815000 r-xp 00000000 00:21 261591                     /usr/lib64/eclipse/plugins/org.eclipse.justj.openjdk.hotspot.jre.full.linux.x86_64_17.0.1.v20211116-1657/jre/lib/libnet.so
7f72a2815000-7f72a2a14000 ---p 00015000 00:21 261591                     /usr/lib64/eclipse/plugins/org.eclipse.justj.openjdk.hotspot.jre.full.linux.x86_64_17.0.1.v20211116-1657/jre/lib/libnet.so
7f72a2a14000-7f72a2a15000 r--p 00014000 00:21 261591                     /usr/lib64/eclipse/plugins/org.eclipse.justj.openjdk.hotspot.jre.full.linux.x86_64_17.0.1.v20211116-1657/jre/lib/libnet.so
7f72a2a15000-7f72a2a16000 rw-p 00015000 00:21 261591                     /usr/lib64/eclipse/plugins/org.eclipse.justj.openjdk.hotspot.jre.full.linux.x86_64_17.0.1.v20211116-1657/jre/lib/libnet.so
7f72a2b00000-7f72a2b04000 ---p 00000000 00:00 0 
7f72a2b04000-7f72a2c00000 rw-p 00000000 00:00 0 
7f72a2c00000-7f72a2c12000 r-xp 00000000 00:21 261592                     /usr/lib64/eclipse/plugins/org.eclipse.justj.openjdk.hotspot.jre.full.linux.x86_64_17.0.1.v20211116-1657/jre/lib/libnio.so
7f72a2c12000-7f72a2e11000 ---p 00012000 00:21 261592                     /usr/lib64/eclipse/plugins/org.eclipse.justj.openjdk.hotspot.jre.full.linux.x86_64_17.0.1.v20211116-1657/jre/lib/libnio.so
7f72a2e11000-7f72a2e12000 r--p 00011000 00:21 261592                     /usr/lib64/eclipse/plugins/org.eclipse.justj.openjdk.hotspot.jre.full.linux.x86_64_17.0.1.v20211116-1657/jre/lib/libnio.so
7f72a2e12000-7f72a2e13000 rw-p 00012000 00:21 261592                     /usr/lib64/eclipse/plugins/org.eclipse.justj.openjdk.hotspot.jre.full.linux.x86_64_17.0.1.v20211116-1657/jre/lib/libnio.so
7f72a2efe000-7f72a2f02000 ---p 00000000 00:00 0 
7f72a2f02000-7f72a2ffe000 rw-p 00000000 00:00 0 
7f72a2ffe000-7f72a2fff000 ---p 00000000 00:00 0 
7f72a2fff000-7f72a3100000 rw-p 00000000 00:00 0 
7f72a3100000-7f72a3104000 ---p 00000000 00:00 0 
7f72a3104000-7f72a3200000 rw-p 00000000 00:00 0 
7f72a3200000-7f72a3204000 ---p 00000000 00:00 0 
7f72a3204000-7f72a3300000 rw-p 00000000 00:00 0 
7f72a3300000-7f72a3304000 ---p 00000000 00:00 0 
7f72a3304000-7f72a3400000 rw-p 00000000 00:00 0 
7f72a3400000-7f72a3404000 ---p 00000000 00:00 0 
7f72a3404000-7f72a3500000 rw-p 00000000 00:00 0 
7f72a3500000-7f72a3504000 ---p 00000000 00:00 0 
7f72a3504000-7f72a3600000 rw-p 00000000 00:00 0 
7f72a3600000-7f72a3604000 ---p 00000000 00:00 0 
7f72a3604000-7f72a3700000 rw-p 00000000 00:00 0 
7f72a3700000-7f72a3704000 ---p 00000000 00:00 0 
7f72a3704000-7f72a3d00000 rw-p 00000000 00:00 0 
7f72a3d00000-7f72a3d40000 rw-p 00000000 00:00 0 
7f72a3d40000-7f72a3d80000 rw-p 00000000 00:00 0 
7f72a3d80000-7f72a3f00000 rw-p 00000000 00:00 0 
7f72a3f00000-7f72a3f80000 rw-p 00000000 00:00 0 
7f72a3f80000-7f72a4000000 rw-p 00000000 00:00 0 
7f72a4000000-7f72a4021000 rw-p 00000000 00:00 0 
7f72a4021000-7f72a8000000 ---p 00000000 00:00 0 
7f72a8000000-7f72a8021000 rw-p 00000000 00:00 0 
7f72a8021000-7f72ac000000 ---p 00000000 00:00 0 
7f72ac000000-7f72ac021000 rw-p 00000000 00:00 0 
7f72ac021000-7f72b0000000 ---p 00000000 00:00 0 
7f72b0000000-7f72b0021000 rw-p 00000000 00:00 0 
7f72b0021000-7f72b4000000 ---p 00000000 00:00 0 
7f72b4000000-7f72b4021000 rw-p 00000000 00:00 0 
7f72b4021000-7f72b8000000 ---p 00000000 00:00 0 
7f72b8000000-7f72b8004000 ---p 00000000 00:00 0 
7f72b8004000-7f72b8100000 rw-p 00000000 00:00 0 
7f72b8100000-7f72b8104000 ---p 00000000 00:00 0 
7f72b8104000-7f72b8200000 rw-p 00000000 00:00 0 
7f72b8200000-7f72b8207000 r-xp 00000000 00:21 261599                     /usr/lib64/eclipse/plugins/org.eclipse.justj.openjdk.hotspot.jre.full.linux.x86_64_17.0.1.v20211116-1657/jre/lib/libzip.so
7f72b8207000-7f72b8407000 ---p 00007000 00:21 261599                     /usr/lib64/eclipse/plugins/org.eclipse.justj.openjdk.hotspot.jre.full.linux.x86_64_17.0.1.v20211116-1657/jre/lib/libzip.so
7f72b8407000-7f72b8408000 r--p 00007000 00:21 261599                     /usr/lib64/eclipse/plugins/org.eclipse.justj.openjdk.hotspot.jre.full.linux.x86_64_17.0.1.v20211116-1657/jre/lib/libzip.so
7f72b8408000-7f72b8409000 rw-p 00008000 00:21 261599                     /usr/lib64/eclipse/plugins/org.eclipse.justj.openjdk.hotspot.jre.full.linux.x86_64_17.0.1.v20211116-1657/jre/lib/libzip.so
7f72b8476000-7f72b8477000 ---p 00000000 00:00 0 
7f72b8477000-7f72b8578000 rw-p 00000000 00:00 0 
7f72b8578000-7f72b8579000 ---p 00000000 00:00 0 
7f72b8579000-7f72b867a000 rw-p 00000000 00:00 0 
7f72b867a000-7f72b867b000 ---p 00000000 00:00 0 
7f72b867b000-7f72baf84000 rw-p 00000000 00:00 0 
7f72baf84000-7f72baf85000 ---p 00000000 00:00 0 
7f72baf85000-7f72bb086000 rw-p 00000000 00:00 0 
7f72bb086000-7f72bb087000 ---p 00000000 00:00 0 
7f72bb087000-7f72bb188000 rw-p 00000000 00:00 0 
7f72bb188000-7f72bb189000 ---p 00000000 00:00 0 
7f72bb189000-7f72bb362000 rw-p 00000000 00:00 0 
7f72bb362000-7f72bb39a000 ---p 00000000 00:00 0 
7f72bb39a000-7f72bb3aa000 rw-p 00000000 00:00 0 
7f72bb3aa000-7f72bb662000 ---p 00000000 00:00 0 
7f72bb662000-7f72bb66a000 rw-p 00000000 00:00 0 
7f72bb66a000-7f72bf032000 ---p 00000000 00:00 0 
7f72bf032000-7f72bf10a000 rw-p 00000000 00:00 0 
7f72bf10a000-7f72bf142000 ---p 00000000 00:00 0 
7f72bf142000-7f72bf152000 rw-p 00000000 00:00 0 
7f72bf152000-7f72bf40a000 ---p 00000000 00:00 0 
7f72bf40a000-7f72bf412000 rw-p 00000000 00:00 0 
7f72bf412000-7f72c2dda000 ---p 00000000 00:00 0 
7f72c2dda000-7f72c2df5000 rw-p 00000000 00:00 0 
7f72c2df5000-7f72c2dfc000 ---p 00000000 00:00 0 
7f72c2dfc000-7f72c2dfe000 rw-p 00000000 00:00 0 
7f72c2dfe000-7f72c2e55000 ---p 00000000 00:00 0 
7f72c2e55000-7f72c2e56000 rw-p 00000000 00:00 0 
7f72c2e56000-7f72c358f000 ---p 00000000 00:00 0 
7f72c358f000-7f72c35aa000 rw-p 00000000 00:00 0 
7f72c35aa000-7f72c35b1000 ---p 00000000 00:00 0 
7f72c35b1000-7f72c35b3000 rw-p 00000000 00:00 0 
7f72c35b3000-7f72c360a000 ---p 00000000 00:00 0 
7f72c360a000-7f72c360b000 rw-p 00000000 00:00 0 
7f72c360b000-7f72c3d44000 ---p 00000000 00:00 0 
7f72c3d44000-7f72c3d5f000 rw-p 00000000 00:00 0 
7f72c3d5f000-7f72c3d66000 ---p 00000000 00:00 0 
7f72c3d66000-7f72c3d68000 rw-p 00000000 00:00 0 
7f72c3d68000-7f72c3dbf000 ---p 00000000 00:00 0 
7f72c3dbf000-7f72c3dc0000 rw-p 00000000 00:00 0 
7f72c3dc0000-7f72c44f9000 ---p 00000000 00:00 0 
7f72c44f9000-7f72c4c00000 rw-p 00000000 00:00 0 
7f72c4c00000-7f72c4e70000 rwxp 00000000 00:00 0 
7f72c4e70000-7f72c5192000 ---p 00000000 00:00 0 
7f72c5192000-7f72c5a32000 rwxp 00000000 00:00 0 
7f72c5a32000-7f72cc6c9000 ---p 00000000 00:00 0 
7f72cc6c9000-7f72cc939000 rwxp 00000000 00:00 0 
7f72cc939000-7f72d3c00000 ---p 00000000 00:00 0 
7f72d3c00000-7f72d3c24000 r-xp 00000000 00:21 261578                     /usr/lib64/eclipse/plugins/org.eclipse.justj.openjdk.hotspot.jre.full.linux.x86_64_17.0.1.v20211116-1657/jre/lib/libjava.so
7f72d3c24000-7f72d3e24000 ---p 00024000 00:21 261578                     /usr/lib64/eclipse/plugins/org.eclipse.justj.openjdk.hotspot.jre.full.linux.x86_64_17.0.1.v20211116-1657/jre/lib/libjava.so
7f72d3e24000-7f72d3e25000 r--p 00024000 00:21 261578                     /usr/lib64/eclipse/plugins/org.eclipse.justj.openjdk.hotspot.jre.full.linux.x86_64_17.0.1.v20211116-1657/jre/lib/libjava.so
7f72d3e25000-7f72d3e26000 rw-p 00025000 00:21 261578                     /usr/lib64/eclipse/plugins/org.eclipse.justj.openjdk.hotspot.jre.full.linux.x86_64_17.0.1.v20211116-1657/jre/lib/libjava.so
7f72d3e26000-7f72d3e27000 rw-p 00000000 00:00 0 
7f72d3eda000-7f72d3edd000 r--p 00000000 00:21 167196                     /usr/lib64/libgcc_s-12-20220507.so.1
7f72d3edd000-7f72d3ef4000 r-xp 00003000 00:21 167196                     /usr/lib64/libgcc_s-12-20220507.so.1
7f72d3ef4000-7f72d3ef8000 r--p 0001a000 00:21 167196                     /usr/lib64/libgcc_s-12-20220507.so.1
7f72d3ef8000-7f72d3ef9000 r--p 0001d000 00:21 167196                     /usr/lib64/libgcc_s-12-20220507.so.1
7f72d3ef9000-7f72d3efa000 rw-p 00000000 00:00 0 
7f72d3eff000-7f72d4000000 rw-p 00000000 00:00 0 
7f72d4000000-7f72d58c0000 rw-p 00000000 00:00 0 
7f72d58c0000-7f72d8000000 ---p 00000000 00:00 0 
7f72d800a000-7f72d800e000 r--p 00000000 00:21 360828                     /usr/lib64/libnss_myhostname.so.2
7f72d800e000-7f72d801d000 r-xp 00004000 00:21 360828                     /usr/lib64/libnss_myhostname.so.2
7f72d801d000-7f72d8029000 r--p 00013000 00:21 360828                     /usr/lib64/libnss_myhostname.so.2
7f72d8029000-7f72d802a000 ---p 0001f000 00:21 360828                     /usr/lib64/libnss_myhostname.so.2
7f72d802a000-7f72d802f000 r--p 0001f000 00:21 360828                     /usr/lib64/libnss_myhostname.so.2
7f72d802f000-7f72d8030000 rw-p 00024000 00:21 360828                     /usr/lib64/libnss_myhostname.so.2
7f72d8046000-7f72d80cc000 rw-p 00000000 00:00 0 
7f72d80cc000-7f72d81b2000 ---p 00000000 00:00 0 
7f72d81b2000-7f72db7f9000 r--s 00000000 00:21 261600                     /usr/lib64/eclipse/plugins/org.eclipse.justj.openjdk.hotspot.jre.full.linux.x86_64_17.0.1.v20211116-1657/jre/lib/modules
7f72db800000-7f72db81b000 r-xp 00000000 00:21 261582                     /usr/lib64/eclipse/plugins/org.eclipse.justj.openjdk.hotspot.jre.full.linux.x86_64_17.0.1.v20211116-1657/jre/lib/libjimage.so
7f72db81b000-7f72dba1a000 ---p 0001b000 00:21 261582                     /usr/lib64/eclipse/plugins/org.eclipse.justj.openjdk.hotspot.jre.full.linux.x86_64_17.0.1.v20211116-1657/jre/lib/libjimage.so
7f72dba1a000-7f72dba1c000 r--p 0001a000 00:21 261582                     /usr/lib64/eclipse/plugins/org.eclipse.justj.openjdk.hotspot.jre.full.linux.x86_64_17.0.1.v20211116-1657/jre/lib/libjimage.so
7f72dba1c000-7f72dba1d000 rw-p 0001c000 00:21 261582                     /usr/lib64/eclipse/plugins/org.eclipse.justj.openjdk.hotspot.jre.full.linux.x86_64_17.0.1.v20211116-1657/jre/lib/libjimage.so
7f72dba2a000-7f72dba31000 r--s 00000000 00:21 555608                     /usr/lib64/gconv/gconv-modules.cache
7f72dba33000-7f72dbb00000 rw-p 00000000 00:00 0 
7f72dbb00000-7f72dbb04000 ---p 00000000 00:00 0 
7f72dbb04000-7f72dbc00000 rw-p 00000000 00:00 0 
7f72dbc00000-7f72dcedf000 r-xp 00000000 00:21 261610                     /usr/lib64/eclipse/plugins/org.eclipse.justj.openjdk.hotspot.jre.full.linux.x86_64_17.0.1.v20211116-1657/jre/lib/server/libjvm.so
7f72dcedf000-7f72dd0de000 ---p 012df000 00:21 261610                     /usr/lib64/eclipse/plugins/org.eclipse.justj.openjdk.hotspot.jre.full.linux.x86_64_17.0.1.v20211116-1657/jre/lib/server/libjvm.so
7f72dd0de000-7f72dd197000 r--p 012de000 00:21 261610                     /usr/lib64/eclipse/plugins/org.eclipse.justj.openjdk.hotspot.jre.full.linux.x86_64_17.0.1.v20211116-1657/jre/lib/server/libjvm.so
7f72dd197000-7f72dd1cb000 rw-p 01397000 00:21 261610                     /usr/lib64/eclipse/plugins/org.eclipse.justj.openjdk.hotspot.jre.full.linux.x86_64_17.0.1.v20211116-1657/jre/lib/server/libjvm.so
7f72dd1cb000-7f72dd225000 rw-p 00000000 00:00 0 
7f72dd22f000-7f72dd241000 rw-p 00000000 00:00 0 
7f72dd241000-7f72dd31a000 ---p 00000000 00:00 0 
7f72dd31a000-7f72dd328000 r--p 00000000 00:21 522949                     /usr/lib64/libm.so.6
7f72dd328000-7f72dd39a000 r-xp 0000e000 00:21 522949                     /usr/lib64/libm.so.6
7f72dd39a000-7f72dd3f6000 r--p 00080000 00:21 522949                     /usr/lib64/libm.so.6
7f72dd3f6000-7f72dd3f7000 r--p 000db000 00:21 522949                     /usr/lib64/libm.so.6
7f72dd3f7000-7f72dd3f8000 rw-p 000dc000 00:21 522949                     /usr/lib64/libm.so.6
7f72dd3fa000-7f72dd422000 r--p 00000000 00:21 522946                     /usr/lib64/libc.so.6
7f72dd422000-7f72dd596000 r-xp 00028000 00:21 522946                     /usr/lib64/libc.so.6
7f72dd596000-7f72dd5ee000 r--p 0019c000 00:21 522946                     /usr/lib64/libc.so.6
7f72dd5ee000-7f72dd5f2000 r--p 001f3000 00:21 522946                     /usr/lib64/libc.so.6
7f72dd5f2000-7f72dd5f4000 rw-p 001f7000 00:21 522946                     /usr/lib64/libc.so.6
7f72dd5f4000-7f72dd5fc000 rw-p 00000000 00:00 0 
7f72dd600000-7f72dd60f000 r-xp 00000000 00:21 261583                     /usr/lib64/eclipse/plugins/org.eclipse.justj.openjdk.hotspot.jre.full.linux.x86_64_17.0.1.v20211116-1657/jre/lib/libjli.so
7f72dd60f000-7f72dd80f000 ---p 0000f000 00:21 261583                     /usr/lib64/eclipse/plugins/org.eclipse.justj.openjdk.hotspot.jre.full.linux.x86_64_17.0.1.v20211116-1657/jre/lib/libjli.so
7f72dd80f000-7f72dd810000 r--p 0000f000 00:21 261583                     /usr/lib64/eclipse/plugins/org.eclipse.justj.openjdk.hotspot.jre.full.linux.x86_64_17.0.1.v20211116-1657/jre/lib/libjli.so
7f72dd810000-7f72dd811000 rw-p 00010000 00:21 261583                     /usr/lib64/eclipse/plugins/org.eclipse.justj.openjdk.hotspot.jre.full.linux.x86_64_17.0.1.v20211116-1657/jre/lib/libjli.so
7f72dd812000-7f72dd892000 rw-p 00000000 00:00 0 
7f72dd892000-7f72dd89a000 rw-s 00000000 00:27 884                        /tmp/hsperfdata_agentsmith/19602
7f72dd89a000-7f72dd89b000 r--p 00000000 00:21 522948                     /usr/lib64/libdl.so.2
7f72dd89b000-7f72dd89c000 r-xp 00001000 00:21 522948                     /usr/lib64/libdl.so.2
7f72dd89c000-7f72dd89d000 r--p 00002000 00:21 522948                     /usr/lib64/libdl.so.2
7f72dd89d000-7f72dd89e000 r--p 00002000 00:21 522948                     /usr/lib64/libdl.so.2
7f72dd89e000-7f72dd89f000 rw-p 00003000 00:21 522948                     /usr/lib64/libdl.so.2
7f72dd8a2000-7f72dd8a3000 r--p 00000000 00:21 522954                     /usr/lib64/libpthread.so.0
7f72dd8a3000-7f72dd8a4000 r-xp 00001000 00:21 522954                     /usr/lib64/libpthread.so.0
7f72dd8a4000-7f72dd8a5000 r--p 00002000 00:21 522954                     /usr/lib64/libpthread.so.0
7f72dd8a5000-7f72dd8a6000 r--p 00002000 00:21 522954                     /usr/lib64/libpthread.so.0
7f72dd8a6000-7f72dd8a7000 rw-p 00003000 00:21 522954                     /usr/lib64/libpthread.so.0
7f72dd8aa000-7f72dd8ad000 r--p 00000000 00:21 32470                      /usr/lib64/libz.so.1.2.11
7f72dd8ad000-7f72dd8bb000 r-xp 00003000 00:21 32470                      /usr/lib64/libz.so.1.2.11
7f72dd8bb000-7f72dd8c1000 r--p 00011000 00:21 32470                      /usr/lib64/libz.so.1.2.11
7f72dd8c1000-7f72dd8c2000 ---p 00017000 00:21 32470                      /usr/lib64/libz.so.1.2.11
7f72dd8c2000-7f72dd8c3000 r--p 00017000 00:21 32470                      /usr/lib64/libz.so.1.2.11
7f72dd8c3000-7f72dd8c4000 rw-p 00000000 00:00 0 
7f72dd8c6000-7f72dd8cb000 rw-p 00000000 00:00 0 
7f72dd8cb000-7f72dd8d2000 ---p 00000000 00:00 0 
7f72dd8d2000-7f72dd8d3000 r--p 00000000 00:21 522956                     /usr/lib64/librt.so.1
7f72dd8d3000-7f72dd8d4000 r-xp 00001000 00:21 522956                     /usr/lib64/librt.so.1
7f72dd8d4000-7f72dd8d5000 r--p 00002000 00:21 522956                     /usr/lib64/librt.so.1
7f72dd8d5000-7f72dd8d6000 r--p 00002000 00:21 522956                     /usr/lib64/librt.so.1
7f72dd8d6000-7f72dd8d7000 rw-p 00003000 00:21 522956                     /usr/lib64/librt.so.1
7f72dd8da000-7f72dd8db000 ---p 00000000 00:00 0 
7f72dd8db000-7f72dd8dc000 r--p 00000000 00:00 0 
7f72dd8dc000-7f72dd8e2000 rw-p 00000000 00:00 0 
7f72dd8e2000-7f72dd8e4000 r--p 00000000 00:21 522943                     /usr/lib64/ld-linux-x86-64.so.2
7f72dd8e4000-7f72dd90b000 r-xp 00002000 00:21 522943                     /usr/lib64/ld-linux-x86-64.so.2
7f72dd90b000-7f72dd916000 r--p 00029000 00:21 522943                     /usr/lib64/ld-linux-x86-64.so.2
7f72dd917000-7f72dd919000 r--p 00034000 00:21 522943                     /usr/lib64/ld-linux-x86-64.so.2
7f72dd919000-7f72dd91b000 rw-p 00036000 00:21 522943                     /usr/lib64/ld-linux-x86-64.so.2
7f72dd91b000-7f72dd91c000 ---p 00000000 00:00 0 
7ffef9980000-7ffef99a3000 rw-p 00000000 00:00 0                          [stack]
7ffef99fa000-7ffef99fe000 r--p 00000000 00:00 0                          [vvar]
7ffef99fe000-7ffef9a00000 r-xp 00000000 00:00 0                          [vdso]
ffffffffff600000-ffffffffff601000 --xp 00000000 00:00 0                  [vsyscall]


VM Arguments:
jvm_args: -ea -Dfile.encoding=UTF-8 -XX:+ShowCodeDetailsInExceptionMessages 
java_command: org.eclipse.jdt.internal.junit.runner.RemoteTestRunner -version 3 -port 41703 -testLoaderClass org.eclipse.jdt.internal.junit5.runner.JUnit5TestLoader -loaderpluginname org.eclipse.jdt.junit5.runtime -classNames com.medicare.backend.resource.MedicareBackend.ProductResourceTest
java_class_path (initial): /home/agentsmith/project/MedicareBackend/target/test-classes:/home/agentsmith/project/MedicareBackend/target/classes:/home/agentsmith/.m2/repository/org/springframework/boot/spring-boot-starter-data-jpa/2.7.1/spring-boot-starter-data-jpa-2.7.1.jar:/home/agentsmith/.m2/repository/org/springframework/boot/spring-boot-starter-aop/2.7.1/spring-boot-starter-aop-2.7.1.jar:/home/agentsmith/.m2/repository/org/springframework/spring-aop/5.3.21/spring-aop-5.3.21.jar:/home/agentsmith/.m2/repository/org/aspectj/aspectjweaver/1.9.7/aspectjweaver-1.9.7.jar:/home/agentsmith/.m2/repository/org/springframework/boot/spring-boot-starter-jdbc/2.7.1/spring-boot-starter-jdbc-2.7.1.jar:/home/agentsmith/.m2/repository/com/zaxxer/HikariCP/4.0.3/HikariCP-4.0.3.jar:/home/agentsmith/.m2/repository/org/springframework/spring-jdbc/5.3.21/spring-jdbc-5.3.21.jar:/home/agentsmith/.m2/repository/jakarta/transaction/jakarta.transaction-api/1.3.3/jakarta.transaction-api-1.3.3.jar:/home/agentsmith/.m2/repository/jakarta/persistence/jakarta.persistence-api/2.2.3/jakarta.persistence-api-2.2.3.jar:/home/agentsmith/.m2/repository/org/hibernate/hibernate-core/5.6.9.Final/hibernate-core-5.6.9.Final.jar:/home/agentsmith/.m2/repository/org/jboss/logging/jboss-logging/3.4.3.Final/jboss-logging-3.4.3.Final.jar:/home/agentsmith/.m2/repository/net/bytebuddy/byte-buddy/1.12.11/byte-buddy-1.12.11.jar:/home/agentsmith/.m2/repository/antlr/antlr/2.7.7/antlr-2.7.7.jar:/home/agentsmith/.m2/repository/org/jboss/jandex/2.4.2.Final/jandex-2.4.2.Final.jar:/home/agentsmith/.m2/repository/com/fasterxml/classmate/1.5.1/classmate-1.5.1.jar:/home/agentsmith/.m2/repository/org/hibernate/common/hibernate-commons-annotations/5.1.2.Final/hibernate-commons-annotations-5.1.2.Final.jar:/home/agentsmith/.m2/repository/org/glassfish/jaxb/jaxb-runtime/2.3.6/jaxb-runtime-2.3.6.jar:/home/agentsmith/.m2/repository/org/glassfish/jaxb/txw2/2.3.6/txw2-2.3.6.jar:/home/agentsmith/.m2/repository/com/sun/istack/istack-c
Launcher Type: SUN_STANDARD

[Global flags]
     intx CICompilerCount                          = 4                                         {product} {ergonomic}
     uint ConcGCThreads                            = 2                                         {product} {ergonomic}
     uint G1ConcRefinementThreads                  = 8                                         {product} {ergonomic}
   size_t G1HeapRegionSize                         = 2097152                                   {product} {ergonomic}
    uintx GCDrainStackTargetSize                   = 64                                        {product} {ergonomic}
   size_t InitialHeapSize                          = 260046848                                 {product} {ergonomic}
   size_t MarkStackSize                            = 4194304                                   {product} {ergonomic}
   size_t MaxHeapSize                              = 4137680896                                {product} {ergonomic}
   size_t MaxNewSize                               = 2480930816                                {product} {ergonomic}
   size_t MinHeapDeltaBytes                        = 2097152                                   {product} {ergonomic}
   size_t MinHeapSize                              = 8388608                                   {product} {ergonomic}
    uintx NonNMethodCodeHeapSize                   = 5839372                                {pd product} {ergonomic}
    uintx NonProfiledCodeHeapSize                  = 122909434                              {pd product} {ergonomic}
    uintx ProfiledCodeHeapSize                     = 122909434                              {pd product} {ergonomic}
    uintx ReservedCodeCacheSize                    = 251658240                              {pd product} {ergonomic}
     bool SegmentedCodeCache                       = true                                      {product} {ergonomic}
     bool ShowCodeDetailsInExceptionMessages       = true                                   {manageable} {command line}
   size_t SoftMaxHeapSize                          = 4137680896                             {manageable} {ergonomic}
     bool UseCompressedClassPointers               = true                           {product lp64_product} {ergonomic}
     bool UseCompressedOops                        = true                           {product lp64_product} {ergonomic}
     bool UseG1GC                                  = true                                      {product} {ergonomic}

Logging:
Log output configuration:
 #0: stdout all=warning uptime,level,tags
 #1: stderr all=off uptime,level,tags

Environment Variables:
PATH=/home/agentsmith/.local/bin:/home/agentsmith/bin:/usr/local/bin:/usr/local/sbin:/usr/bin:/usr/sbin:/var/lib/snapd/snap/bin
USERNAME=agentsmith
SHELL=/bin/bash
DISPLAY=:0
LANG=en_US.UTF-8

Signal Handlers:
   SIGSEGV: crash_handler in libjvm.so, mask=11100100010111111101111111111110, flags=SA_RESTART|SA_SIGINFO
    SIGBUS: crash_handler in libjvm.so, mask=11100100010111111101111111111110, flags=SA_RESTART|SA_SIGINFO
    SIGFPE: crash_handler in libjvm.so, mask=11100100010111111101111111111110, flags=SA_RESTART|SA_SIGINFO
   SIGPIPE: javaSignalHandler in libjvm.so, mask=11100100010111111101111111111110, flags=SA_RESTART|SA_SIGINFO
   SIGXFSZ: javaSignalHandler in libjvm.so, mask=11100100010111111101111111111110, flags=SA_RESTART|SA_SIGINFO
    SIGILL: crash_handler in libjvm.so, mask=11100100010111111101111111111110, flags=SA_RESTART|SA_SIGINFO
   SIGUSR2: SR_handler in libjvm.so, mask=00100000000000000000000000000000, flags=SA_RESTART|SA_SIGINFO
    SIGHUP: UserHandler in libjvm.so, mask=11100100010111111101111111111110, flags=SA_RESTART|SA_SIGINFO
    SIGINT: UserHandler in libjvm.so, mask=11100100010111111101111111111110, flags=SA_RESTART|SA_SIGINFO
   SIGTERM: UserHandler in libjvm.so, mask=11100100010111111101111111111110, flags=SA_RESTART|SA_SIGINFO
   SIGQUIT: UserHandler in libjvm.so, mask=11100100010111111101111111111110, flags=SA_RESTART|SA_SIGINFO
   SIGTRAP: crash_handler in libjvm.so, mask=11100100010111111101111111111110, flags=SA_RESTART|SA_SIGINFO


---------------  S Y S T E M  ---------------

OS:
Fedora release 36 (Thirty Six)
uname: Linux 5.18.13-200.fc36.x86_64 #1 SMP PREEMPT_DYNAMIC Fri Jul 22 14:03:36 UTC 2022 x86_64
OS uptime: 0 days 1:40 hours
libc: glibc 2.35 NPTL 2.35 
rlimit (soft/hard): STACK 8192k/infinity , CORE infinity/infinity , NPROC 62906/62906 , NOFILE 524288/524288 , AS infinity/infinity , CPU infinity/infinity , DATA infinity/infinity , FSIZE infinity/infinity , MEMLOCK 8192k/8192k
load average: 0.63 0.56 0.64

/proc/meminfo:
MemTotal:       16161896 kB
MemFree:         5501384 kB
MemAvailable:    9507044 kB
Buffers:            4400 kB
Cached:          4761324 kB
SwapCached:            0 kB
Active:          1801356 kB
Inactive:        8248760 kB
Active(anon):      50252 kB
Inactive(anon):  5811560 kB
Active(file):    1751104 kB
Inactive(file):  2437200 kB
Unevictable:        6124 kB
Mlocked:            6124 kB
SwapTotal:       8388604 kB
SwapFree:        8388604 kB
Dirty:              1792 kB
Writeback:             0 kB
AnonPages:       5290640 kB
Mapped:          1461500 kB
Shmem:            572224 kB
KReclaimable:     140224 kB
Slab:             297656 kB
SReclaimable:     140224 kB
SUnreclaim:       157432 kB
KernelStack:       24512 kB
PageTables:        59800 kB
NFS_Unstable:          0 kB
Bounce:                0 kB
WritebackTmp:          0 kB
CommitLimit:    16469552 kB
Committed_AS:   16111604 kB
VmallocTotal:   34359738367 kB
VmallocUsed:       92912 kB
VmallocChunk:          0 kB
Percpu:             9280 kB
HardwareCorrupted:     0 kB
AnonHugePages:         0 kB
ShmemHugePages:        0 kB
ShmemPmdMapped:        0 kB
FileHugePages:         0 kB
FilePmdMapped:         0 kB
CmaTotal:              0 kB
CmaFree:               0 kB
HugePages_Total:       0
HugePages_Free:        0
HugePages_Rsvd:        0
HugePages_Surp:        0
Hugepagesize:       2048 kB
Hugetlb:               0 kB
DirectMap4k:      814444 kB
DirectMap2M:    14698496 kB
DirectMap1G:     1048576 kB

/sys/kernel/mm/transparent_hugepage/enabled: always [madvise] never
/sys/kernel/mm/transparent_hugepage/defrag (defrag/compaction efforts parameter): always defer defer+madvise [madvise] never

Process Memory:
Virtual Size: 7972868K (peak: 8013800K)
Resident Set Size: 269444K (peak: 278164K) (anon: 237580K, file: 31832K, shmem: 32K)
Swapped out: 0K
C-Heap outstanding allocations: 110383K

/proc/sys/kernel/threads-max (system-wide limit on the number of threads): 125813
/proc/sys/vm/max_map_count (maximum number of memory map areas a process may have): 65530
/proc/sys/kernel/pid_max (system-wide limit on number of process identifiers): 4194304

container (cgroup) information:
container_type: cgroupv2
cpu_cpuset_cpus: not supported
cpu_memory_nodes: not supported
active_processor_count: 8
cpu_quota: no quota
cpu_period: 100000
cpu_shares: 8192
memory_limit_in_bytes: unlimited
memory_and_swap_limit_in_bytes: unlimited
memory_soft_limit_in_bytes: unlimited
memory_usage_in_bytes: 2893451264
memory_max_usage_in_bytes: not supported

Steal ticks since vm start: 0
Steal ticks percentage since vm start:  0.000

CPU: total 8 (initial active 8) (8 cores per cpu, 1 threads per core) family 21 model 2 stepping 0 microcode 0x600081f, cx8, cmov, fxsr, mmx, 3dnowpref, sse, sse2, sse3, ssse3, sse4a, sse4.1, sse4.2, popcnt, lzcnt, tsc, tscinvbit, avx, aes, clmul, bmi1, fma, vzeroupper, clflush
CPU Model and flags from /proc/cpuinfo:
model name	: AMD FX(tm)-8350 Eight-Core Processor
flags		: fpu vme de pse tsc msr pae mce cx8 apic sep mtrr pge mca cmov pat pse36 clflush mmx fxsr sse sse2 ht syscall nx mmxext fxsr_opt pdpe1gb rdtscp lm constant_tsc rep_good nopl nonstop_tsc cpuid extd_apicid aperfmperf pni pclmulqdq monitor ssse3 fma cx16 sse4_1 sse4_2 popcnt aes xsave avx f16c lahf_lm cmp_legacy svm extapic cr8_legacy abm sse4a misalignsse 3dnowprefetch osvw ibs xop skinit wdt lwp fma4 tce nodeid_msr tbm topoext perfctr_core perfctr_nb cpb hw_pstate ssbd vmmcall bmi1 arat npt lbrv svm_lock nrip_save tsc_scale vmcb_clean flushbyasid decodeassists pausefilter pfthreshold

Online cpus: 0-7
Offline cpus: 
BIOS frequency limitation: 4000000
Frequency switch latency (ns): 4000
Available cpu frequencies: 4000000 3400000 2800000 2100000 1400000 
Current governor: schedutil
Core performance/turbo boost: 1

Memory: 4k page, physical 16161896k(5500880k free), swap 8388604k(8388604k free)
Page Sizes: 4k

vm_info: OpenJDK 64-Bit Server VM (17.0.1+12) for linux-amd64 JRE (17.0.1+12), built on Oct 20 2021 12:00:24 by "" with gcc 7.5.0

END.
